[debug] [2019-08-03T01:57:38.927Z] ----------------------------------------------------------------------
[debug] [2019-08-03T01:57:38.938Z] Command:       C:\Program Files\nodejs\node.exe C:\Users\anabe\AppData\Roaming\npm\node_modules\firebase-tools\lib\bin\firebase.js serve
[debug] [2019-08-03T01:57:38.938Z] CLI Version:   7.2.2
[debug] [2019-08-03T01:57:38.938Z] Platform:      win32
[debug] [2019-08-03T01:57:38.938Z] Node Version:  v12.4.0
[debug] [2019-08-03T01:57:38.965Z] Time:          Fri Aug 02 2019 21:57:38 GMT-0400 (GMT-04:00)
[debug] [2019-08-03T01:57:38.965Z] ----------------------------------------------------------------------
[debug] 
[debug] [2019-08-03T01:57:39.000Z] > command requires scopes: ["email","openid","https://www.googleapis.com/auth/cloudplatformprojects.readonly","https://www.googleapis.com/auth/firebase","https://www.googleapis.com/auth/cloud-platform"]
[debug] [2019-08-03T01:57:39.001Z] > authorizing via signed-in user
[debug] [2019-08-03T01:57:39.001Z] [iam] checking project red-socialsam for permissions ["firebase.projects.get"]
[debug] [2019-08-03T01:57:39.005Z] > refreshing access token with scopes: ["email","https://www.googleapis.com/auth/cloud-platform","https://www.googleapis.com/auth/cloudplatformprojects.readonly","https://www.googleapis.com/auth/firebase","openid"]
[debug] [2019-08-03T01:57:39.005Z] >>> HTTP REQUEST POST https://www.googleapis.com/oauth2/v3/token  
 <request body omitted>
[debug] [2019-08-03T01:57:39.251Z] <<< HTTP RESPONSE 200
[debug] [2019-08-03T01:57:39.266Z] >>> HTTP REQUEST POST https://cloudresourcemanager.googleapis.com/v1/projects/red-socialsam:testIamPermissions  

[debug] [2019-08-03T01:57:40.275Z] <<< HTTP RESPONSE 200
[debug] [2019-08-03T01:57:40.282Z] >>> HTTP REQUEST GET https://firebase.googleapis.com/v1beta1/projects/red-socialsam  
 
[debug] [2019-08-03T01:57:41.449Z] <<< HTTP RESPONSE 200
[info] 
[info] === Serving from 'C:\Users\anabe\Desktop\javascript\SCL010-Social-Network'...
[info] 
[debug] [2019-08-03T01:57:41.455Z] >>> HTTP REQUEST GET https://firebase.googleapis.com/v1beta1/projects/red-socialsam/webApps/-/config  
 
[debug] [2019-08-03T01:57:42.848Z] <<< HTTP RESPONSE 200
[info] i  hosting: Serving hosting files from: src
[info] +  hosting: Local server: http://localhost:5000
